<?xml version="1.0" encoding="UTF-8"?>
<!-- Generated by org.testng.reporters.JUnitXMLReporter -->
<testsuite ignored="0" hostname="Ashwins-MacBook-Pro.local" failures="0" tests="4" name="Test" time="17.655" errors="0" timestamp="2021-03-01T16:12:24 GMT">
  <testcase classname="Academy.ValidateTitle" name="basePageNavigation" time="3.159"/>
  <testcase classname="Academy.ValidateTitle" name="basePageNavigation" time="3.91"/>
  <testcase classname="Academy.HomePage" name="basePageNavigation" time="4.881"/>
  <testcase classname="Academy.HomePage" name="basePageNavigation" time="2.767"/>
</testsuite> <!-- Test -->
