<?xml version="1.0" encoding="UTF-8"?>
<!-- Generated by org.testng.reporters.JUnitXMLReporter -->
<testsuite hostname="Ashwins-MacBook-Pro.local" ignored="0" name="Test" tests="4" failures="0" timestamp="2021-03-01T15:57:22 GMT" time="15.764" errors="0">
  <testcase name="basePageNavigation" time="3.275" classname="Academy.ValidateTitle"/>
  <testcase name="basePageNavigation" time="1.833" classname="Academy.ValidateTitle"/>
  <testcase name="basePageNavigation" time="4.735" classname="Academy.HomePage"/>
  <testcase name="basePageNavigation" time="2.727" classname="Academy.HomePage"/>
</testsuite> <!-- Test -->
