<?xml version="1.0" encoding="UTF-8"?>
<testsuite xmlns:xsi="http://www.w3.org/2001/XMLSchema-instance" xsi:noNamespaceSchemaLocation="https://maven.apache.org/surefire/maven-surefire-plugin/xsd/surefire-test-report-3.0.xsd" version="3.0" name="TestSuite" time="16.478" tests="4" errors="0" skipped="0" failures="0">
  <properties>
[...]
</properties>
  <testcase name="basePageNavigation[ashiwn.bidrimath@gmail.com, Rahul@123, Non-ristricted user](1)" classname="Academy.ValidateTitle" time="3.247">
    <system-out><![CDATA[chrome
http://www.qaclickacademy.com/
chrome
http://www.qaclickacademy.com/
FEATURED COURSES
]]></system-out>
    <system-err><![CDATA[Starting ChromeDriver 88.0.4324.96 (68dba2d8a0b149a1d3afac56fa74648032bcf46b-refs/branch-heads/4324@{#1784}) on port 3248
Only local connections are allowed.
Please see https://chromedriver.chromium.org/security-considerations for suggestions on keeping ChromeDriver safe.
ChromeDriver was started successfully.
Mar 01, 2021 3:57:08 PM org.openqa.selenium.remote.ProtocolHandshake createSession
INFO: Detected dialect: W3C
Starting ChromeDriver 88.0.4324.96 (68dba2d8a0b149a1d3afac56fa74648032bcf46b-refs/branch-heads/4324@{#1784}) on port 30231
Only local connections are allowed.
Please see https://chromedriver.chromium.org/security-considerations for suggestions on keeping ChromeDriver safe.
ChromeDriver was started successfully.
Mar 01, 2021 3:57:09 PM org.openqa.selenium.remote.ProtocolHandshake createSession
INFO: Detected dialect: W3C
]]></system-err>
  </testcase>
  <testcase name="basePageNavigation[abc@gmail.com, abc@123, Ristricted user](2)" classname="Academy.ValidateTitle" time="1.832">
    <system-out><![CDATA[FEATURED COURSES
]]></system-out>
  </testcase>
  <testcase name="basePageNavigation[ashiwn.bidrimath@gmail.com, Rahul@123, Non-ristricted user](1)" classname="Academy.HomePage" time="4.736"/>
  <testcase name="basePageNavigation[abc@gmail.com, abc@123, Ristricted user](2)" classname="Academy.HomePage" time="2.727"/>
</testsuite>